<?xml version="1.0" encoding="UTF-8"?>
<!-- Generated by org.testng.reporters.JUnitReportReporter -->
<testsuite hostname="DESKTOP-8A5NKKO" failures="0" tests="3" name="rahulsheetyacademy.testcases.LoginPageTest" time="23.909" errors="0" timestamp="08 Dec. 2022 18:13:00 GMT" skipped="0">
  <testcase classname="rahulsheetyacademy.testcases.LoginPageTest" name="LoginPageRegister" time="9.733"/>
  <testcase classname="rahulsheetyacademy.testcases.LoginPageTest" name="UserLogin" time="7.575"/>
  <testcase classname="rahulsheetyacademy.testcases.LoginPageTest" name="loginPageTitleTest" time="6.601"/>
</testsuite> <!-- rahulsheetyacademy.testcases.LoginPageTest -->
