<?xml version="1.0" encoding="UTF-8"?>
<!-- Generated by org.testng.reporters.JUnitReportReporter -->
<testsuite hostname="DESKTOP-8A5NKKO" failures="0" tests="3" name="rahulsheetyacademytestcases.LoginPageTest" time="20.838" errors="0" timestamp="14 Dec. 2022 18:03:46 GMT" skipped="0">
  <testcase classname="rahulsheetyacademytestcases.LoginPageTest" name="LoginPageRegister" time="6.936"/>
  <testcase classname="rahulsheetyacademytestcases.LoginPageTest" name="UserLogin" time="6.277"/>
  <testcase classname="rahulsheetyacademytestcases.LoginPageTest" name="loginPageTitleTest" time="7.625"/>
</testsuite> <!-- rahulsheetyacademytestcases.LoginPageTest -->
